<?xml version="1.0" encoding="UTF-8"?>
<!-- Generated by org.testng.reporters.JUnitReportReporter -->
<testsuite hostname="LAPTOP-SHANE-SEPTEMBER" failures="0" tests="1" name="com.crm.qa.testcases.LoginPageTest" time="11.811" errors="0" timestamp="2023-01-04T16:49:09 CAT" skipped="0">
  <testcase classname="com.crm.qa.testcases.LoginPageTest" name="loginPageTitleTest" time="11.811"/>
  <system-out/>
</testsuite> <!-- com.crm.qa.testcases.LoginPageTest -->
