<?xml version="1.0" encoding="UTF-8"?>
<!-- Generated by org.testng.reporters.JUnitReportReporter -->
<testsuite hostname="LAPTOP-SHANE-SEPTEMBER" failures="0" tests="3" name="com.crm.qa.testcases.LoginPageTest" time="48.029" errors="0" timestamp="2023-01-03T16:46:23 CAT" skipped="0">
  <testcase classname="com.crm.qa.testcases.LoginPageTest" name="loginPageTitleTest" time="13.499"/>
  <system-out/>
  <testcase classname="com.crm.qa.testcases.LoginPageTest" name="crmLogoImageTest" time="9.438"/>
  <system-out/>
  <testcase classname="com.crm.qa.testcases.LoginPageTest" name="loginCRMTest" time="25.092"/>
  <system-out/>
</testsuite> <!-- com.crm.qa.testcases.LoginPageTest -->
